Started GET "/" for ::1 at 2021-02-19 09:58:20 -0500
  [1m[35m (1.1ms)[0m  [1m[34mSELECT "schema_migrations"."version" FROM "schema_migrations" ORDER BY "schema_migrations"."version" ASC[0m
Processing by FriendsController#index as HTML
  Rendering friends/index.html.erb within layouts/application
  [1m[36mUser Load (1.1ms)[0m  [1m[34mSELECT "users".* FROM "users" WHERE "users"."id" = $1 ORDER BY "users"."id" ASC LIMIT $2[0m  [["id", 3], ["LIMIT", 1]]
  ↳ app/views/friends/index.html.erb:1
  Rendered friends/index.html.erb within layouts/application (Duration: 16.8ms | Allocations: 2832)
[Webpacker] Compiling...
[Webpacker] Compiled all packs in /home/nerajno/Development/code/otherLearn/ffcRails/friends/public/packs
[Webpacker] warning ../../../../package.json: No license field

[Webpacker] Hash: 76145d9ce4575ebaa29b
Version: webpack 4.45.0
Time: 2130ms
Built at: 02/19/2021 9:58:24 AM
                                     Asset       Size       Chunks                         Chunk Names
    js/application-c229f7c7014cf8c8d494.js    124 KiB  application  [emitted] [immutable]  application
js/application-c229f7c7014cf8c8d494.js.map    139 KiB  application  [emitted] [dev]        application
                             manifest.json  364 bytes               [emitted]              
Entrypoint application = js/application-c229f7c7014cf8c8d494.js js/application-c229f7c7014cf8c8d494.js.map
[./app/javascript/channels sync recursive _channel\.js$] ./app/javascript/channels sync _channel\.js$ 160 bytes {application} [built]
[./app/javascript/channels/index.js] 211 bytes {application} [built]
[./app/javascript/packs/application.js] 749 bytes {application} [built]
[./node_modules/webpack/buildin/module.js] (webpack)/buildin/module.js 552 bytes {application} [built]
    + 3 hidden modules

  Rendered home/_header.html.erb (Duration: 1.4ms | Allocations: 502)
Completed 200 OK in 3864ms (Views: 3845.0ms | ActiveRecord: 6.7ms | Allocations: 30640)


Started GET "/" for ::1 at 2021-02-19 09:58:34 -0500
Processing by FriendsController#index as HTML
  Rendering friends/index.html.erb within layouts/application
  Rendered friends/index.html.erb within layouts/application (Duration: 0.3ms | Allocations: 82)
[Webpacker] Everything's up-to-date. Nothing to do
  Rendered home/_header.html.erb (Duration: 0.4ms | Allocations: 165)
Completed 200 OK in 8ms (Views: 7.2ms | ActiveRecord: 0.0ms | Allocations: 3800)


Started GET "/users/sign_up" for ::1 at 2021-02-19 09:58:38 -0500
Processing by Devise::RegistrationsController#new as HTML
  Rendering devise/registrations/new.html.erb within layouts/application
  Rendered devise/shared/_error_messages.html.erb (Duration: 1.7ms | Allocations: 198)
  Rendered devise/shared/_links.html.erb (Duration: 1.5ms | Allocations: 507)
  Rendered devise/registrations/new.html.erb within layouts/application (Duration: 27.6ms | Allocations: 7490)
[Webpacker] Everything's up-to-date. Nothing to do
  Rendered home/_header.html.erb (Duration: 0.6ms | Allocations: 181)
Completed 200 OK in 48ms (Views: 37.1ms | ActiveRecord: 0.0ms | Allocations: 16499)


Started GET "/users/sign_in" for ::1 at 2021-02-19 09:58:39 -0500
Processing by Devise::SessionsController#new as HTML
  Rendering devise/sessions/new.html.erb within layouts/application
  Rendered devise/shared/_links.html.erb (Duration: 0.7ms | Allocations: 200)
  Rendered devise/sessions/new.html.erb within layouts/application (Duration: 7.0ms | Allocations: 1908)
[Webpacker] Everything's up-to-date. Nothing to do
  Rendered home/_header.html.erb (Duration: 0.6ms | Allocations: 181)
Completed 200 OK in 18ms (Views: 14.7ms | ActiveRecord: 0.0ms | Allocations: 6962)


Started GET "/home/about" for ::1 at 2021-02-19 09:58:40 -0500
Processing by HomeController#about as HTML
  Rendering home/about.html.erb within layouts/application
  Rendered home/about.html.erb within layouts/application (Duration: 3.4ms | Allocations: 94)
[Webpacker] Everything's up-to-date. Nothing to do
  Rendered home/_header.html.erb (Duration: 0.5ms | Allocations: 216)
Completed 200 OK in 12ms (Views: 10.5ms | ActiveRecord: 0.0ms | Allocations: 4545)


Started GET "/users/sign_up" for ::1 at 2021-02-19 09:58:41 -0500
Processing by Devise::RegistrationsController#new as HTML
  Rendering devise/registrations/new.html.erb within layouts/application
  Rendered devise/shared/_error_messages.html.erb (Duration: 0.1ms | Allocations: 15)
  Rendered devise/shared/_links.html.erb (Duration: 0.3ms | Allocations: 80)
  Rendered devise/registrations/new.html.erb within layouts/application (Duration: 3.4ms | Allocations: 1093)
[Webpacker] Everything's up-to-date. Nothing to do
  Rendered home/_header.html.erb (Duration: 0.5ms | Allocations: 181)
Completed 200 OK in 23ms (Views: 21.6ms | ActiveRecord: 0.0ms | Allocations: 4981)


Started GET "/" for ::1 at 2021-02-19 21:10:35 -0500
  [1m[35m (1.7ms)[0m  [1m[34mSELECT "schema_migrations"."version" FROM "schema_migrations" ORDER BY "schema_migrations"."version" ASC[0m
Processing by FriendsController#index as HTML
  Rendering friends/index.html.erb within layouts/application
  Rendered friends/index.html.erb within layouts/application (Duration: 5.0ms | Allocations: 693)
[Webpacker] Everything's up-to-date. Nothing to do
  Rendered home/_header.html.erb (Duration: 1.3ms | Allocations: 518)
Completed 200 OK in 96ms (Views: 82.2ms | ActiveRecord: 0.0ms | Allocations: 21622)


Started GET "/" for ::1 at 2021-02-19 21:16:03 -0500
Processing by FriendsController#index as HTML
  Rendering friends/index.html.erb within layouts/application
  Rendered friends/index.html.erb within layouts/application (Duration: 0.2ms | Allocations: 91)
[Webpacker] Everything's up-to-date. Nothing to do
  Rendered home/_header.html.erb (Duration: 0.4ms | Allocations: 170)
Completed 200 OK in 7ms (Views: 6.4ms | ActiveRecord: 0.0ms | Allocations: 4289)


Started GET "/" for ::1 at 2021-02-19 21:53:35 -0500
  [1m[35m (1.0ms)[0m  [1m[34mSELECT "schema_migrations"."version" FROM "schema_migrations" ORDER BY "schema_migrations"."version" ASC[0m
Processing by FriendsController#index as HTML
  Rendering friends/index.html.erb within layouts/application
  Rendered friends/index.html.erb within layouts/application (Duration: 4.6ms | Allocations: 693)
[Webpacker] Everything's up-to-date. Nothing to do
  Rendered home/_header.html.erb (Duration: 2.5ms | Allocations: 515)
Completed 200 OK in 49ms (Views: 38.2ms | ActiveRecord: 0.0ms | Allocations: 11989)


Started GET "/" for ::1 at 2021-02-19 21:54:46 -0500
  [1m[35m (0.7ms)[0m  [1m[34mSELECT "schema_migrations"."version" FROM "schema_migrations" ORDER BY "schema_migrations"."version" ASC[0m
Processing by FriendsController#index as HTML
  Rendering friends/index.html.erb within layouts/application
  Rendered friends/index.html.erb within layouts/application (Duration: 3.2ms | Allocations: 693)
[Webpacker] Everything's up-to-date. Nothing to do
  Rendered home/_header.html.erb (Duration: 2.2ms | Allocations: 515)
Completed 200 OK in 38ms (Views: 27.0ms | ActiveRecord: 0.0ms | Allocations: 11991)


Started GET "/" for ::1 at 2021-02-23 10:43:33 -0500
  [1m[35m (2.4ms)[0m  [1m[34mSELECT "schema_migrations"."version" FROM "schema_migrations" ORDER BY "schema_migrations"."version" ASC[0m
Processing by FriendsController#index as HTML
  Rendering friends/index.html.erb within layouts/application
  Rendered friends/index.html.erb within layouts/application (Duration: 5.8ms | Allocations: 750)
[Webpacker] Everything's up-to-date. Nothing to do
  Rendered home/_header.html.erb (Duration: 1.1ms | Allocations: 563)
Completed 200 OK in 118ms (Views: 105.5ms | ActiveRecord: 0.0ms | Allocations: 30038)


Started GET "/home/about" for ::1 at 2021-02-23 10:44:12 -0500
Processing by HomeController#about as HTML
  Rendering home/about.html.erb within layouts/application
  Rendered home/about.html.erb within layouts/application (Duration: 0.7ms | Allocations: 96)
[Webpacker] Everything's up-to-date. Nothing to do
  Rendered home/_header.html.erb (Duration: 1.3ms | Allocations: 244)
Completed 200 OK in 12ms (Views: 10.2ms | ActiveRecord: 0.0ms | Allocations: 4676)


Started GET "/" for ::1 at 2021-02-23 10:44:14 -0500
Processing by FriendsController#index as HTML
  Rendering friends/index.html.erb within layouts/application
  Rendered friends/index.html.erb within layouts/application (Duration: 0.2ms | Allocations: 83)
[Webpacker] Everything's up-to-date. Nothing to do
  Rendered home/_header.html.erb (Duration: 12.6ms | Allocations: 174)
Completed 200 OK in 59ms (Views: 57.8ms | ActiveRecord: 0.0ms | Allocations: 3792)


Started GET "/home/about" for ::1 at 2021-02-23 10:44:15 -0500
Processing by HomeController#about as HTML
  Rendering home/about.html.erb within layouts/application
  Rendered home/about.html.erb within layouts/application (Duration: 0.1ms | Allocations: 5)
[Webpacker] Everything's up-to-date. Nothing to do
  Rendered home/_header.html.erb (Duration: 0.9ms | Allocations: 216)
Completed 200 OK in 10ms (Views: 8.8ms | ActiveRecord: 0.0ms | Allocations: 3720)


Started GET "/" for ::1 at 2021-02-23 10:44:27 -0500
Processing by FriendsController#index as HTML
  Rendering friends/index.html.erb within layouts/application
  Rendered friends/index.html.erb within layouts/application (Duration: 0.2ms | Allocations: 83)
[Webpacker] Everything's up-to-date. Nothing to do
  Rendered home/_header.html.erb (Duration: 0.3ms | Allocations: 174)
Completed 200 OK in 7ms (Views: 6.5ms | ActiveRecord: 0.0ms | Allocations: 3780)


Started GET "/home/about" for ::1 at 2021-02-23 10:44:29 -0500
Processing by HomeController#about as HTML
  Rendering home/about.html.erb within layouts/application
  Rendered home/about.html.erb within layouts/application (Duration: 0.1ms | Allocations: 6)
[Webpacker] Everything's up-to-date. Nothing to do
  Rendered home/_header.html.erb (Duration: 0.6ms | Allocations: 216)
Completed 200 OK in 8ms (Views: 7.0ms | ActiveRecord: 0.0ms | Allocations: 3731)


Started GET "/users/sign_up" for ::1 at 2021-02-23 10:44:35 -0500
Processing by Devise::RegistrationsController#new as HTML
  Rendering devise/registrations/new.html.erb within layouts/application
  Rendered devise/shared/_error_messages.html.erb (Duration: 1.1ms | Allocations: 202)
  Rendered devise/shared/_links.html.erb (Duration: 1.4ms | Allocations: 518)
  Rendered devise/registrations/new.html.erb within layouts/application (Duration: 29.3ms | Allocations: 8255)
[Webpacker] Everything's up-to-date. Nothing to do
  Rendered home/_header.html.erb (Duration: 0.4ms | Allocations: 200)
Completed 200 OK in 64ms (Views: 40.8ms | ActiveRecord: 9.7ms | Allocations: 18247)


Started GET "/users/sign_in" for ::1 at 2021-02-23 10:44:37 -0500
Processing by Devise::SessionsController#new as HTML
  Rendering devise/sessions/new.html.erb within layouts/application
  Rendered devise/shared/_links.html.erb (Duration: 0.6ms | Allocations: 216)
  Rendered devise/sessions/new.html.erb within layouts/application (Duration: 7.8ms | Allocations: 2014)
[Webpacker] Everything's up-to-date. Nothing to do
  Rendered home/_header.html.erb (Duration: 0.6ms | Allocations: 200)
Completed 200 OK in 19ms (Views: 16.2ms | ActiveRecord: 0.0ms | Allocations: 7288)


Started GET "/" for ::1 at 2021-02-23 10:53:11 -0500
  [1m[35m (1.5ms)[0m  [1m[34mSELECT "schema_migrations"."version" FROM "schema_migrations" ORDER BY "schema_migrations"."version" ASC[0m
Processing by FriendsController#index as HTML
  Rendering friends/index.html.erb within layouts/application
  Rendered friends/index.html.erb within layouts/application (Duration: 3.4ms | Allocations: 646)
[Webpacker] Everything's up-to-date. Nothing to do
  Rendered home/_header.html.erb (Duration: 1.6ms | Allocations: 560)
Completed 200 OK in 33ms (Views: 21.3ms | ActiveRecord: 0.0ms | Allocations: 11001)


Started GET "/users/sign_in" for ::1 at 2021-02-23 10:58:40 -0500
  [1m[35m (0.8ms)[0m  [1m[34mSELECT "schema_migrations"."version" FROM "schema_migrations" ORDER BY "schema_migrations"."version" ASC[0m
Processing by Devise::SessionsController#new as HTML
  Rendering devise/sessions/new.html.erb within layouts/application
  Rendered devise/shared/_links.html.erb (Duration: 1.3ms | Allocations: 615)
  Rendered devise/sessions/new.html.erb within layouts/application (Duration: 14.0ms | Allocations: 5124)
[Webpacker] Compiling...
[Webpacker] Compiled all packs in /home/nerajno/Development/code/otherLearn/ffcRails/friends/public/packs
[Webpacker] warning ../../../../package.json: No license field

[Webpacker] Hash: 76145d9ce4575ebaa29b
Version: webpack 4.45.0
Time: 1231ms
Built at: 02/23/2021 10:58:43 AM
                                     Asset       Size       Chunks                         Chunk Names
    js/application-c229f7c7014cf8c8d494.js    124 KiB  application  [emitted] [immutable]  application
js/application-c229f7c7014cf8c8d494.js.map    139 KiB  application  [emitted] [dev]        application
                             manifest.json  364 bytes               [emitted]              
Entrypoint application = js/application-c229f7c7014cf8c8d494.js js/application-c229f7c7014cf8c8d494.js.map
[./app/javascript/channels sync recursive _channel\.js$] ./app/javascript/channels sync _channel\.js$ 160 bytes {application} [built]
[./app/javascript/channels/index.js] 211 bytes {application} [built]
[./app/javascript/packs/application.js] 749 bytes {application} [built]
[./node_modules/webpack/buildin/module.js] (webpack)/buildin/module.js 552 bytes {application} [built]
    + 3 hidden modules

  Rendered home/_header.html.erb (Duration: 1.7ms | Allocations: 552)
Completed 200 OK in 3202ms (Views: 3173.8ms | ActiveRecord: 5.3ms | Allocations: 31809)


Started GET "/" for ::1 at 2021-02-23 10:58:46 -0500
Processing by FriendsController#index as HTML
  Rendering friends/index.html.erb within layouts/application
  Rendered friends/index.html.erb within layouts/application (Duration: 1.4ms | Allocations: 393)
[Webpacker] Everything's up-to-date. Nothing to do
  Rendered home/_header.html.erb (Duration: 0.5ms | Allocations: 199)
Completed 200 OK in 18ms (Views: 13.9ms | ActiveRecord: 0.0ms | Allocations: 5874)


Started GET "/" for ::1 at 2021-02-23 11:02:27 -0500
Processing by FriendsController#index as HTML
  Rendering friends/index.html.erb within layouts/application
  Rendered friends/index.html.erb within layouts/application (Duration: 0.2ms | Allocations: 83)
[Webpacker] Compiling...
[Webpacker] Compiled all packs in /home/nerajno/Development/code/otherLearn/ffcRails/friends/public/packs
[Webpacker] warning ../../../../package.json: No license field

[Webpacker] Hash: 76145d9ce4575ebaa29b
Version: webpack 4.45.0
Time: 1079ms
Built at: 02/23/2021 11:02:29 AM
                                     Asset       Size       Chunks                         Chunk Names
    js/application-c229f7c7014cf8c8d494.js    124 KiB  application  [emitted] [immutable]  application
js/application-c229f7c7014cf8c8d494.js.map    139 KiB  application  [emitted] [dev]        application
                             manifest.json  364 bytes               [emitted]              
Entrypoint application = js/application-c229f7c7014cf8c8d494.js js/application-c229f7c7014cf8c8d494.js.map
[./app/javascript/channels sync recursive _channel\.js$] ./app/javascript/channels sync _channel\.js$ 160 bytes {application} [built]
[./app/javascript/channels/index.js] 211 bytes {application} [built]
[./app/javascript/packs/application.js] 749 bytes {application} [built]
[./node_modules/webpack/buildin/module.js] (webpack)/buildin/module.js 552 bytes {application} [built]
    + 3 hidden modules

  Rendered home/_header.html.erb (Duration: 0.4ms | Allocations: 174)
Completed 200 OK in 2854ms (Views: 2853.5ms | ActiveRecord: 0.0ms | Allocations: 16231)


Started GET "/" for ::1 at 2021-03-02 10:07:21 -0500
  [1m[35m (0.7ms)[0m  [1m[34mSELECT "schema_migrations"."version" FROM "schema_migrations" ORDER BY "schema_migrations"."version" ASC[0m
Processing by FriendsController#index as HTML
  Rendering friends/index.html.erb within layouts/application
  Rendered friends/index.html.erb within layouts/application (Duration: 3.3ms | Allocations: 646)
[Webpacker] Everything's up-to-date. Nothing to do
  Rendered home/_header.html.erb (Duration: 1.6ms | Allocations: 560)
Completed 200 OK in 53ms (Views: 41.2ms | ActiveRecord: 0.0ms | Allocations: 16464)


Started GET "/" for ::1 at 2021-03-11 07:52:17 -0500
  [1m[35m (1.7ms)[0m  [1m[34mSELECT "schema_migrations"."version" FROM "schema_migrations" ORDER BY "schema_migrations"."version" ASC[0m
Processing by FriendsController#index as HTML
  Rendering friends/index.html.erb within layouts/application
  Rendered friends/index.html.erb within layouts/application (Duration: 4.0ms | Allocations: 750)
[Webpacker] Everything's up-to-date. Nothing to do
  Rendered home/_header.html.erb (Duration: 1.7ms | Allocations: 560)
Completed 200 OK in 122ms (Views: 110.0ms | ActiveRecord: 0.0ms | Allocations: 37835)


Started GET "/" for ::1 at 2021-03-11 17:27:57 -0500
Processing by FriendsController#index as HTML
  Rendering friends/index.html.erb within layouts/application
  Rendered friends/index.html.erb within layouts/application (Duration: 0.2ms | Allocations: 84)
Completed 500 Internal Server Error in 16ms (ActiveRecord: 0.0ms | Allocations: 7449)


  
ActionView::Template::Error (Error: File to import not found or unreadable: bootstrap.
        on line 18:2 of app/assets/stylesheets/application.scss
>>  @import "bootstrap";

   -^
):
     9:       <%= csrf_meta_tags %>
    10:     <%= csp_meta_tag %>
    11: 
    12:     <%= stylesheet_link_tag 'application', media: 'all', 'data-turbolinks-track': 'reload' %>
    13:     <%= javascript_pack_tag 'application', 'data-turbolinks-track': 'reload' %>
    14:   </head>
    15:   <body>
  
app/assets/stylesheets/application.scss:18
app/views/layouts/application.html.erb:12
Started GET "/" for ::1 at 2021-03-11 17:30:10 -0500
  [1m[35m (0.7ms)[0m  [1m[34mSELECT "schema_migrations"."version" FROM "schema_migrations" ORDER BY "schema_migrations"."version" ASC[0m
Processing by FriendsController#index as HTML
  Rendering friends/index.html.erb within layouts/application
  Rendered friends/index.html.erb within layouts/application (Duration: 3.6ms | Allocations: 646)
[Webpacker] Everything's up-to-date. Nothing to do
  Rendered home/_header.html.erb (Duration: 1.3ms | Allocations: 565)
Completed 200 OK in 4647ms (Views: 4637.8ms | ActiveRecord: 0.0ms | Allocations: 105185)


Started GET "/" for ::1 at 2021-03-11 21:20:19 -0500
  [1m[35m (1.1ms)[0m  [1m[34mSELECT "schema_migrations"."version" FROM "schema_migrations" ORDER BY "schema_migrations"."version" ASC[0m
Processing by FriendsController#index as HTML
  Rendering friends/index.html.erb within layouts/application
  Rendered friends/index.html.erb within layouts/application (Duration: 4.2ms | Allocations: 646)
[Webpacker] Compiling...
[Webpacker] Compiled all packs in /home/nerajno/Development/code/otherLearn/ffcRails/friends/public/packs
[Webpacker] warning ../../../../package.json: No license field

[Webpacker] Hash: 27f22c40a44c9984591a
Version: webpack 4.45.0
Time: 6942ms
Built at: 03/11/2021 9:20:32 PM
                                     Asset       Size       Chunks                         Chunk Names
    js/application-32eaf9a46652ed81421c.js   1.32 MiB  application  [emitted] [immutable]  application
js/application-32eaf9a46652ed81421c.js.map   1.45 MiB  application  [emitted] [dev]        application
                             manifest.json  364 bytes               [emitted]              
Entrypoint application = js/application-32eaf9a46652ed81421c.js js/application-32eaf9a46652ed81421c.js.map
[./app/javascript/channels sync recursive _channel\.js$] ./app/javascript/channels sync _channel\.js$ 160 bytes {application} [built]
[./app/javascript/channels/index.js] 211 bytes {application} [built]
[./app/javascript/packs/application.js] 993 bytes {application} [built]
[./app/javascript/stylesheets/application.scss] 664 bytes {application} [built]
[./node_modules/css-loader/dist/cjs.js?!./node_modules/postcss-loader/src/index.js?!./node_modules/sass-loader/dist/cjs.js?!./app/javascript/stylesheets/application.scss] ./node_modules/css-loader/dist/cjs.js??ref--7-1!./node_modules/postcss-loader/src??ref--7-2!./node_modules/sass-loader/dist/cjs.js??ref--7-3!./app/javascript/stylesheets/application.scss 672 KiB {application} [built]
[./node_modules/webpack/buildin/global.js] (webpack)/buildin/global.js 905 bytes {application} [built]
[./node_modules/webpack/buildin/module.js] (webpack)/buildin/module.js 552 bytes {application} [built]
    + 8 hidden modules

  Rendered home/_header.html.erb (Duration: 1.2ms | Allocations: 565)
Completed 200 OK in 12354ms (Views: 12344.8ms | ActiveRecord: 0.0ms | Allocations: 92703)


Started GET "/" for ::1 at 2021-03-11 21:20:49 -0500
Processing by FriendsController#index as HTML
  Rendering friends/index.html.erb within layouts/application
  Rendered friends/index.html.erb within layouts/application (Duration: 0.2ms | Allocations: 83)
[Webpacker] Everything's up-to-date. Nothing to do
  Rendered home/_header.html.erb (Duration: 0.4ms | Allocations: 174)
Completed 200 OK in 3307ms (Views: 3306.7ms | ActiveRecord: 0.0ms | Allocations: 70397)


Started GET "/" for ::1 at 2021-03-12 06:12:40 -0500
  [1m[35m (0.5ms)[0m  [1m[34mSELECT "schema_migrations"."version" FROM "schema_migrations" ORDER BY "schema_migrations"."version" ASC[0m
Processing by FriendsController#index as HTML
  Rendering friends/index.html.erb within layouts/application
  Rendered friends/index.html.erb within layouts/application (Duration: 3.6ms | Allocations: 646)
[Webpacker] Everything's up-to-date. Nothing to do
  Rendered home/_header.html.erb (Duration: 1.1ms | Allocations: 560)
Completed 200 OK in 70ms (Views: 62.0ms | ActiveRecord: 0.0ms | Allocations: 29415)


Started GET "/" for ::1 at 2021-03-12 06:44:07 -0500
Processing by FriendsController#index as HTML
  Rendering friends/index.html.erb within layouts/application
  Rendered friends/index.html.erb within layouts/application (Duration: 0.2ms | Allocations: 84)
[Webpacker] Everything's up-to-date. Nothing to do
  Rendered home/_header.html.erb (Duration: 0.3ms | Allocations: 174)
Completed 200 OK in 3475ms (Views: 3473.8ms | ActiveRecord: 0.0ms | Allocations: 70425)


Started GET "/" for ::1 at 2021-03-12 06:44:11 -0500
Processing by FriendsController#index as HTML
  Rendering friends/index.html.erb within layouts/application
  Rendered friends/index.html.erb within layouts/application (Duration: 0.3ms | Allocations: 83)
[Webpacker] Everything's up-to-date. Nothing to do
  Rendered home/_header.html.erb (Duration: 0.5ms | Allocations: 174)
Completed 200 OK in 20ms (Views: 18.3ms | ActiveRecord: 0.0ms | Allocations: 7792)


Started GET "/" for ::1 at 2021-03-12 06:46:20 -0500
Processing by FriendsController#index as HTML
  Rendering friends/index.html.erb within layouts/application
  Rendered friends/index.html.erb within layouts/application (Duration: 0.3ms | Allocations: 82)
[Webpacker] Everything's up-to-date. Nothing to do
  Rendered home/_header.html.erb (Duration: 0.4ms | Allocations: 174)
Completed 200 OK in 3407ms (Views: 3406.4ms | ActiveRecord: 0.0ms | Allocations: 69492)


Started GET "/" for ::1 at 2021-03-12 06:47:26 -0500
Processing by FriendsController#index as HTML
  Rendering friends/index.html.erb within layouts/application
  Rendered friends/index.html.erb within layouts/application (Duration: 0.3ms | Allocations: 82)
[Webpacker] Everything's up-to-date. Nothing to do
  Rendered home/_header.html.erb (Duration: 0.3ms | Allocations: 174)
Completed 200 OK in 3297ms (Views: 3295.9ms | ActiveRecord: 0.0ms | Allocations: 70353)


Started GET "/" for ::1 at 2021-03-12 07:09:33 -0500
Processing by FriendsController#index as HTML
  Rendering friends/index.html.erb within layouts/application
  Rendered friends/index.html.erb within layouts/application (Duration: 1.5ms | Allocations: 386)
[Webpacker] Everything's up-to-date. Nothing to do
  Rendered home/_header.html.erb (Duration: 0.8ms | Allocations: 490)
Completed 200 OK in 21ms (Views: 19.8ms | ActiveRecord: 0.0ms | Allocations: 9759)


Started GET "/" for ::1 at 2021-03-12 07:29:09 -0500
Processing by FriendsController#index as HTML
  Rendering friends/index.html.erb within layouts/application
  Rendered friends/index.html.erb within layouts/application (Duration: 0.2ms | Allocations: 84)
[Webpacker] Everything's up-to-date. Nothing to do
  Rendered home/_header.html.erb (Duration: 0.4ms | Allocations: 174)
Completed 200 OK in 14ms (Views: 13.3ms | ActiveRecord: 0.0ms | Allocations: 7658)


Started GET "/" for ::1 at 2021-03-12 08:14:54 -0500
Processing by FriendsController#index as HTML
  Rendering friends/index.html.erb within layouts/application
  Rendered friends/index.html.erb within layouts/application (Duration: 1.1ms | Allocations: 381)
[Webpacker] Everything's up-to-date. Nothing to do
  Rendered home/_header.html.erb (Duration: 1.1ms | Allocations: 492)
Completed 200 OK in 3814ms (Views: 3812.8ms | ActiveRecord: 0.0ms | Allocations: 71947)


Started GET "/" for ::1 at 2021-03-12 09:09:34 -0500
Processing by FriendsController#index as HTML
  Rendering friends/index.html.erb within layouts/application
  Rendered friends/index.html.erb within layouts/application (Duration: 0.2ms | Allocations: 83)
[Webpacker] Everything's up-to-date. Nothing to do
  Rendered home/_header.html.erb (Duration: 0.4ms | Allocations: 174)
Completed 200 OK in 3159ms (Views: 3158.5ms | ActiveRecord: 0.0ms | Allocations: 69492)


Started GET "/" for ::1 at 2021-03-12 09:12:37 -0500
Processing by FriendsController#index as HTML
  Rendering friends/index.html.erb within layouts/application
  Rendered friends/index.html.erb within layouts/application (Duration: 0.3ms | Allocations: 83)
[Webpacker] Everything's up-to-date. Nothing to do
  Rendered home/_header.html.erb (Duration: 0.5ms | Allocations: 174)
Completed 200 OK in 14ms (Views: 13.6ms | ActiveRecord: 0.0ms | Allocations: 7636)


Started GET "/" for ::1 at 2021-03-12 09:24:52 -0500
Processing by FriendsController#index as HTML
  Rendering friends/index.html.erb within layouts/application
  Rendered friends/index.html.erb within layouts/application (Duration: 1.0ms | Allocations: 387)
[Webpacker] Everything's up-to-date. Nothing to do
  Rendered home/_header.html.erb (Duration: 1.4ms | Allocations: 486)
Completed 200 OK in 22ms (Views: 21.1ms | ActiveRecord: 0.0ms | Allocations: 9654)


Started GET "/" for ::1 at 2021-03-12 14:53:16 -0500
Processing by FriendsController#index as HTML
  Rendering friends/index.html.erb within layouts/application
  Rendered friends/index.html.erb within layouts/application (Duration: 1.1ms | Allocations: 385)
[Webpacker] Everything's up-to-date. Nothing to do
  Rendered home/_header.html.erb (Duration: 1.2ms | Allocations: 486)
Completed 200 OK in 20ms (Views: 18.6ms | ActiveRecord: 0.0ms | Allocations: 9769)


Started GET "/" for ::1 at 2021-03-12 15:21:22 -0500
Processing by FriendsController#index as HTML
  Rendering friends/index.html.erb within layouts/application
  Rendered friends/index.html.erb within layouts/application (Duration: 0.2ms | Allocations: 83)
[Webpacker] Everything's up-to-date. Nothing to do
  Rendered home/_header.html.erb (Duration: 0.5ms | Allocations: 174)
Completed 200 OK in 18ms (Views: 16.8ms | ActiveRecord: 0.0ms | Allocations: 7641)


Started GET "/" for ::1 at 2021-03-12 15:34:30 -0500
Processing by FriendsController#index as HTML
  Rendering friends/index.html.erb within layouts/application
  Rendered friends/index.html.erb within layouts/application (Duration: 0.3ms | Allocations: 83)
[Webpacker] Everything's up-to-date. Nothing to do
  Rendered home/_header.html.erb (Duration: 0.4ms | Allocations: 174)
Completed 200 OK in 3311ms (Views: 3309.9ms | ActiveRecord: 0.0ms | Allocations: 69553)


Started GET "/" for ::1 at 2021-03-12 16:05:06 -0500
Processing by FriendsController#index as HTML
  Rendering friends/index.html.erb within layouts/application
  Rendered friends/index.html.erb within layouts/application (Duration: 0.9ms | Allocations: 386)
Completed 500 Internal Server Error in 326ms (ActiveRecord: 0.0ms | Allocations: 20107)


  
ActionView::Template::Error (Error: property "fled" must be followed by a ':'
        on line 34:5 of app/assets/stylesheets/application.scss
>>     fled

   ----^
):
     9:       <%= csrf_meta_tags %>
    10:     <%= csp_meta_tag %>
    11: 
    12:     <%= stylesheet_link_tag 'application', media: 'all', 'data-turbolinks-track': 'reload' %>
    13:     <%= javascript_pack_tag 'application', 'data-turbolinks-track': 'reload' %>
    14:   </head>
    15:   <body>
  
app/assets/stylesheets/application.scss:34
app/views/layouts/application.html.erb:12
Started GET "/" for ::1 at 2021-03-12 16:05:19 -0500
Processing by FriendsController#index as HTML
  Rendering friends/index.html.erb within layouts/application
  Rendered friends/index.html.erb within layouts/application (Duration: 0.2ms | Allocations: 82)
[Webpacker] Everything's up-to-date. Nothing to do
  Rendered home/_header.html.erb (Duration: 1.6ms | Allocations: 489)
Completed 200 OK in 3231ms (Views: 3230.5ms | ActiveRecord: 0.0ms | Allocations: 69993)


Started GET "/" for ::1 at 2021-03-12 16:07:09 -0500
Processing by FriendsController#index as HTML
  Rendering friends/index.html.erb within layouts/application
  Rendered friends/index.html.erb within layouts/application (Duration: 1.0ms | Allocations: 381)
[Webpacker] Everything's up-to-date. Nothing to do
  Rendered home/_header.html.erb (Duration: 0.9ms | Allocations: 487)
Completed 200 OK in 18ms (Views: 16.9ms | ActiveRecord: 0.0ms | Allocations: 9678)


Started GET "/" for ::1 at 2021-03-12 16:13:42 -0500
Processing by FriendsController#index as HTML
  Rendering friends/index.html.erb within layouts/application
  Rendered friends/index.html.erb within layouts/application (Duration: 0.3ms | Allocations: 83)
[Webpacker] Everything's up-to-date. Nothing to do
  Rendered home/_header.html.erb (Duration: 0.4ms | Allocations: 174)
Completed 200 OK in 3212ms (Views: 3210.8ms | ActiveRecord: 0.0ms | Allocations: 69519)


Started GET "/" for ::1 at 2021-03-12 16:17:31 -0500
Processing by FriendsController#index as HTML
  Rendering friends/index.html.erb within layouts/application
  Rendered friends/index.html.erb within layouts/application (Duration: 0.3ms | Allocations: 82)
[Webpacker] Everything's up-to-date. Nothing to do
  Rendered home/_header.html.erb (Duration: 0.4ms | Allocations: 174)
Completed 200 OK in 3180ms (Views: 3178.7ms | ActiveRecord: 0.0ms | Allocations: 70383)


Started GET "/" for ::1 at 2021-03-12 16:31:23 -0500
Processing by FriendsController#index as HTML
  Rendering friends/index.html.erb within layouts/application
  Rendered friends/index.html.erb within layouts/application (Duration: 0.3ms | Allocations: 83)
[Webpacker] Everything's up-to-date. Nothing to do
  Rendered home/_header.html.erb (Duration: 0.3ms | Allocations: 174)
Completed 200 OK in 3233ms (Views: 3232.3ms | ActiveRecord: 0.0ms | Allocations: 69949)


Started GET "/" for ::1 at 2021-03-12 17:48:06 -0500
Processing by FriendsController#index as HTML
  Rendering friends/index.html.erb within layouts/application
  Rendered friends/index.html.erb within layouts/application (Duration: 1.0ms | Allocations: 393)
[Webpacker] Everything's up-to-date. Nothing to do
  Rendered home/_header.html.erb (Duration: 0.8ms | Allocations: 486)
Completed 200 OK in 17ms (Views: 15.4ms | ActiveRecord: 0.0ms | Allocations: 9792)


Started GET "/home/about" for ::1 at 2021-03-12 17:48:24 -0500
Processing by HomeController#about as HTML
  Rendering home/about.html.erb within layouts/application
  Rendered home/about.html.erb within layouts/application (Duration: 0.3ms | Allocations: 95)
[Webpacker] Everything's up-to-date. Nothing to do
  Rendered home/_header.html.erb (Duration: 0.7ms | Allocations: 244)
Completed 200 OK in 18ms (Views: 16.7ms | ActiveRecord: 0.0ms | Allocations: 8530)


Started GET "/" for ::1 at 2021-03-14 07:10:02 -0400
  [1m[35m (1.5ms)[0m  [1m[34mSELECT "schema_migrations"."version" FROM "schema_migrations" ORDER BY "schema_migrations"."version" ASC[0m
Processing by FriendsController#index as HTML
  Rendering friends/index.html.erb within layouts/application
  Rendered friends/index.html.erb within layouts/application (Duration: 4.3ms | Allocations: 652)
[Webpacker] Everything's up-to-date. Nothing to do
  Rendered home/_header.html.erb (Duration: 1.4ms | Allocations: 556)
Completed 200 OK in 94ms (Views: 84.0ms | ActiveRecord: 0.0ms | Allocations: 30510)


Started GET "/" for ::1 at 2021-03-14 08:33:57 -0400
Processing by FriendsController#index as HTML
  Rendering friends/index.html.erb within layouts/application
  Rendered friends/index.html.erb within layouts/application (Duration: 1.0ms | Allocations: 391)
[Webpacker] Everything's up-to-date. Nothing to do
  Rendered home/_header.html.erb (Duration: 1.6ms | Allocations: 486)
Completed 200 OK in 23ms (Views: 21.9ms | ActiveRecord: 0.0ms | Allocations: 9680)


Started GET "/" for ::1 at 2021-03-14 08:49:21 -0400
Processing by FriendsController#index as HTML
  Rendering friends/index.html.erb within layouts/application
  Rendered friends/index.html.erb within layouts/application (Duration: 0.2ms | Allocations: 83)
[Webpacker] Everything's up-to-date. Nothing to do
  Rendered home/_header.html.erb (Duration: 0.5ms | Allocations: 174)
Completed 200 OK in 3585ms (Views: 3584.1ms | ActiveRecord: 0.0ms | Allocations: 70899)


Started GET "/" for ::1 at 2021-03-14 08:49:40 -0400
Processing by FriendsController#index as HTML
  Rendering friends/index.html.erb within layouts/application
  Rendered friends/index.html.erb within layouts/application (Duration: 0.4ms | Allocations: 83)
[Webpacker] Everything's up-to-date. Nothing to do
  Rendered home/_header.html.erb (Duration: 0.3ms | Allocations: 174)
Completed 200 OK in 15ms (Views: 14.3ms | ActiveRecord: 0.0ms | Allocations: 7669)


